2020-08-14 04:26:17.972  INFO 860 --- [restartedMain] a.i.springdemo.SpringDemoApplication     : Starting SpringDemoApplication on DESKTOP-ISS442R with PID 860 (C:\Users\Hov\Desktop\GIT JAVA\spring-demo\target\classes started by Hov in C:\Users\Hov\Desktop\GIT JAVA\spring-demo)
2020-08-14 04:26:17.987  INFO 860 --- [restartedMain] a.i.springdemo.SpringDemoApplication     : No active profile set, falling back to default profiles: default
2020-08-14 04:26:18.081  INFO 860 --- [restartedMain] .e.DevToolsPropertyDefaultsPostProcessor : Devtools property defaults active! Set 'spring.devtools.add-properties' to 'false' to disable
2020-08-14 04:26:18.081  INFO 860 --- [restartedMain] .e.DevToolsPropertyDefaultsPostProcessor : For additional web related logging consider setting the 'logging.level.web' property to 'DEBUG'
2020-08-14 04:26:19.404  INFO 860 --- [restartedMain] .s.d.r.c.RepositoryConfigurationDelegate : Bootstrapping Spring Data JPA repositories in DEFERRED mode.
2020-08-14 04:26:19.491  INFO 860 --- [restartedMain] .s.d.r.c.RepositoryConfigurationDelegate : Finished Spring Data repository scanning in 77ms. Found 2 JPA repository interfaces.
2020-08-14 04:26:20.285  INFO 860 --- [restartedMain] o.s.b.w.embedded.tomcat.TomcatWebServer  : Tomcat initialized with port(s): 8080 (http)
2020-08-14 04:26:20.300  INFO 860 --- [restartedMain] o.apache.catalina.core.StandardService   : Starting service [Tomcat]
2020-08-14 04:26:20.300  INFO 860 --- [restartedMain] org.apache.catalina.core.StandardEngine  : Starting Servlet engine: [Apache Tomcat/9.0.36]
2020-08-14 04:26:20.441  INFO 860 --- [restartedMain] o.a.c.c.C.[Tomcat].[localhost].[/]       : Initializing Spring embedded WebApplicationContext
2020-08-14 04:26:20.441  INFO 860 --- [restartedMain] w.s.c.ServletWebServerApplicationContext : Root WebApplicationContext: initialization completed in 2360 ms
2020-08-14 04:26:20.604  INFO 860 --- [restartedMain] o.s.s.concurrent.ThreadPoolTaskExecutor  : Initializing ExecutorService 'applicationTaskExecutor'
2020-08-14 04:26:20.615  INFO 860 --- [restartedMain] com.zaxxer.hikari.HikariDataSource       : HikariPool-1 - Starting...
2020-08-14 04:26:20.616  WARN 860 --- [restartedMain] com.zaxxer.hikari.util.DriverDataSource  : Registered driver with driverClassName=com.mysql.jdbc.Driver was not found, trying direct instantiation.
2020-08-14 04:26:20.829  INFO 860 --- [restartedMain] com.zaxxer.hikari.HikariDataSource       : HikariPool-1 - Start completed.
2020-08-14 04:26:20.875  INFO 860 --- [task-1] o.hibernate.jpa.internal.util.LogHelper  : HHH000204: Processing PersistenceUnitInfo [name: default]
2020-08-14 04:26:20.924  INFO 860 --- [task-1] org.hibernate.Version                    : HHH000412: Hibernate ORM core version 5.4.17.Final
2020-08-14 04:26:20.926  WARN 860 --- [restartedMain] JpaBaseConfiguration$JpaWebConfiguration : spring.jpa.open-in-view is enabled by default. Therefore, database queries may be performed during view rendering. Explicitly configure spring.jpa.open-in-view to disable this warning
2020-08-14 04:26:21.097  INFO 860 --- [task-1] o.hibernate.annotations.common.Version   : HCANN000001: Hibernate Commons Annotations {5.1.0.Final}
2020-08-14 04:26:21.222  INFO 860 --- [task-1] org.hibernate.dialect.Dialect            : HHH000400: Using dialect: org.hibernate.dialect.MySQLDialect
2020-08-14 04:26:21.710  INFO 860 --- [restartedMain] o.s.s.web.DefaultSecurityFilterChain     : Creating filter chain: any request, [org.springframework.security.web.context.request.async.WebAsyncManagerIntegrationFilter@384e2bcf, org.springframework.security.web.context.SecurityContextPersistenceFilter@4228e76f, org.springframework.security.web.header.HeaderWriterFilter@2fa501e2, org.springframework.security.web.authentication.logout.LogoutFilter@69a2820e, org.springframework.security.web.authentication.UsernamePasswordAuthenticationFilter@46e657d9, org.springframework.security.web.savedrequest.RequestCacheAwareFilter@5764504f, org.springframework.security.web.servletapi.SecurityContextHolderAwareRequestFilter@1e3fc8e7, org.springframework.security.web.authentication.AnonymousAuthenticationFilter@3bd1a210, org.springframework.security.web.session.SessionManagementFilter@5e5b799f, org.springframework.security.web.access.ExceptionTranslationFilter@6c646a01, org.springframework.security.web.access.intercept.FilterSecurityInterceptor@66f5d227]
2020-08-14 04:26:21.768  INFO 860 --- [restartedMain] o.s.b.d.a.OptionalLiveReloadServer       : LiveReload server is running on port 35729
2020-08-14 04:26:21.829  INFO 860 --- [restartedMain] o.s.b.w.embedded.tomcat.TomcatWebServer  : Tomcat started on port(s): 8080 (http) with context path ''
2020-08-14 04:26:21.832  INFO 860 --- [restartedMain] DeferredRepositoryInitializationListener : Triggering deferred initialization of Spring Data repositories…
2020-08-14 04:26:21.988  INFO 860 --- [task-1] o.h.e.t.j.p.i.JtaPlatformInitiator       : HHH000490: Using JtaPlatform implementation: [org.hibernate.engine.transaction.jta.platform.internal.NoJtaPlatform]
2020-08-14 04:26:21.996  INFO 860 --- [task-1] j.LocalContainerEntityManagerFactoryBean : Initialized JPA EntityManagerFactory for persistence unit 'default'
2020-08-14 04:26:22.261  INFO 860 --- [restartedMain] DeferredRepositoryInitializationListener : Spring Data repositories initialized!
2020-08-14 04:26:22.272  INFO 860 --- [restartedMain] a.i.springdemo.SpringDemoApplication     : Started SpringDemoApplication in 4.973 seconds (JVM running for 6.204)
2020-08-14 04:31:16 - Starting SpringDemoApplication on DESKTOP-ISS442R with PID 9632 (C:\Users\Hov\Desktop\GIT JAVA\spring-demo\target\classes started by Hov in C:\Users\Hov\Desktop\GIT JAVA\spring-demo)
2020-08-14 04:31:16 - No active profile set, falling back to default profiles: default
2020-08-14 04:31:16 - Devtools property defaults active! Set 'spring.devtools.add-properties' to 'false' to disable
2020-08-14 04:31:16 - For additional web related logging consider setting the 'logging.level.web' property to 'DEBUG'
2020-08-14 04:31:17 - Bootstrapping Spring Data JPA repositories in DEFERRED mode.
2020-08-14 04:31:17 - Finished Spring Data repository scanning in 70ms. Found 2 JPA repository interfaces.
2020-08-14 04:31:18 - Tomcat initialized with port(s): 8080 (http)
2020-08-14 04:31:18 - Starting service [Tomcat]
2020-08-14 04:31:18 - Starting Servlet engine: [Apache Tomcat/9.0.36]
2020-08-14 04:31:18 - Initializing Spring embedded WebApplicationContext
2020-08-14 04:31:18 - Root WebApplicationContext: initialization completed in 2112 ms
2020-08-14 04:31:18 - Initializing ExecutorService 'applicationTaskExecutor'
2020-08-14 04:31:18 - HikariPool-1 - Starting...
2020-08-14 04:31:18 - Registered driver with driverClassName=com.mysql.jdbc.Driver was not found, trying direct instantiation.
2020-08-14 04:31:19 - HikariPool-1 - Start completed.
2020-08-14 04:31:19 - HHH000204: Processing PersistenceUnitInfo [name: default]
2020-08-14 04:31:19 - HHH000412: Hibernate ORM core version 5.4.17.Final
2020-08-14 04:31:19 - spring.jpa.open-in-view is enabled by default. Therefore, database queries may be performed during view rendering. Explicitly configure spring.jpa.open-in-view to disable this warning
2020-08-14 04:31:19 - HCANN000001: Hibernate Commons Annotations {5.1.0.Final}
2020-08-14 04:31:19 - HHH000400: Using dialect: org.hibernate.dialect.MySQLDialect
2020-08-14 04:31:19 - Creating filter chain: any request, [org.springframework.security.web.context.request.async.WebAsyncManagerIntegrationFilter@ed360f6, org.springframework.security.web.context.SecurityContextPersistenceFilter@6a47888a, org.springframework.security.web.header.HeaderWriterFilter@5e5ce0b6, org.springframework.security.web.authentication.logout.LogoutFilter@1cda1bc5, org.springframework.security.web.authentication.UsernamePasswordAuthenticationFilter@30622649, org.springframework.security.web.savedrequest.RequestCacheAwareFilter@5184dff2, org.springframework.security.web.servletapi.SecurityContextHolderAwareRequestFilter@5f3f056d, org.springframework.security.web.authentication.AnonymousAuthenticationFilter@370194ff, org.springframework.security.web.session.SessionManagementFilter@10d64b4b, org.springframework.security.web.access.ExceptionTranslationFilter@79573919, org.springframework.security.web.access.intercept.FilterSecurityInterceptor@616010d6]
2020-08-14 04:31:19 - LiveReload server is running on port 35729
2020-08-14 04:31:19 - Tomcat started on port(s): 8080 (http) with context path ''
2020-08-14 04:31:20 - Triggering deferred initialization of Spring Data repositories…
2020-08-14 04:31:20 - HHH000490: Using JtaPlatform implementation: [org.hibernate.engine.transaction.jta.platform.internal.NoJtaPlatform]
2020-08-14 04:31:20 - Initialized JPA EntityManagerFactory for persistence unit 'default'
2020-08-14 04:31:20 - Spring Data repositories initialized!
2020-08-14 04:31:20 - Started SpringDemoApplication in 4.657 seconds (JVM running for 5.67)
