2020-12-22 02:19:53 - Starting SpringDemoApplication on DESKTOP-ISS442R with PID 11856 (C:\Users\Hov\Desktop\GIT JAVA\spring-demo\target\classes started by Hov in C:\Users\Hov\Desktop\GIT JAVA\spring-demo)
2020-12-22 02:19:53 - No active profile set, falling back to default profiles: default
2020-12-22 02:19:54 - Devtools property defaults active! Set 'spring.devtools.add-properties' to 'false' to disable
2020-12-22 02:19:54 - For additional web related logging consider setting the 'logging.level.web' property to 'DEBUG'
2020-12-22 02:20:00 - Bootstrapping Spring Data JPA repositories in DEFERRED mode.
2020-12-22 02:20:00 - Finished Spring Data repository scanning in 156ms. Found 2 JPA repository interfaces.
2020-12-22 02:20:02 - Tomcat initialized with port(s): 8080 (http)
2020-12-22 02:20:02 - Starting service [Tomcat]
2020-12-22 02:20:02 - Starting Servlet engine: [Apache Tomcat/9.0.36]
2020-12-22 02:20:02 - Initializing Spring embedded WebApplicationContext
2020-12-22 02:20:02 - Root WebApplicationContext: initialization completed in 8266 ms
2020-12-22 02:20:02 - Initializing ExecutorService 'applicationTaskExecutor'
2020-12-22 02:20:02 - HikariPool-1 - Starting...
2020-12-22 02:20:02 - Registered driver with driverClassName=com.mysql.jdbc.Driver was not found, trying direct instantiation.
2020-12-22 02:20:03 - HikariPool-1 - Start completed.
2020-12-22 02:20:03 - HHH000204: Processing PersistenceUnitInfo [name: default]
2020-12-22 02:20:03 - spring.jpa.open-in-view is enabled by default. Therefore, database queries may be performed during view rendering. Explicitly configure spring.jpa.open-in-view to disable this warning
2020-12-22 02:20:03 - HHH000412: Hibernate ORM core version 5.4.17.Final
2020-12-22 02:20:04 - HCANN000001: Hibernate Commons Annotations {5.1.0.Final}
2020-12-22 02:20:04 - HHH000400: Using dialect: org.hibernate.dialect.MySQL5InnoDBDialect
2020-12-22 02:20:05 - Creating filter chain: any request, [org.springframework.security.web.context.request.async.WebAsyncManagerIntegrationFilter@53927fcf, org.springframework.security.web.context.SecurityContextPersistenceFilter@31574a3a, org.springframework.security.web.header.HeaderWriterFilter@2c68f76a, org.springframework.security.web.authentication.logout.LogoutFilter@1ada69df, org.springframework.security.web.authentication.UsernamePasswordAuthenticationFilter@51925789, org.springframework.security.web.savedrequest.RequestCacheAwareFilter@12d13cba, org.springframework.security.web.servletapi.SecurityContextHolderAwareRequestFilter@2d51c3d4, org.springframework.security.web.authentication.AnonymousAuthenticationFilter@3f9c5ad4, org.springframework.security.web.session.SessionManagementFilter@3ff2a4e6, org.springframework.security.web.access.ExceptionTranslationFilter@51386b86, org.springframework.security.web.access.intercept.FilterSecurityInterceptor@4df6ba62]
2020-12-22 02:20:05 - LiveReload server is running on port 35729
2020-12-22 02:20:05 - Tomcat started on port(s): 8080 (http) with context path ''
2020-12-22 02:20:05 - Triggering deferred initialization of Spring Data repositories…
2020-12-22 02:20:06 - HHH000490: Using JtaPlatform implementation: [org.hibernate.engine.transaction.jta.platform.internal.NoJtaPlatform]
2020-12-22 02:20:06 - Initialized JPA EntityManagerFactory for persistence unit 'default'
2020-12-22 02:20:07 - Spring Data repositories initialized!
2020-12-22 02:20:07 - Started SpringDemoApplication in 15.397 seconds (JVM running for 17.535)
2020-12-22 02:20:22 - Initializing Spring DispatcherServlet 'dispatcherServlet'
2020-12-22 02:20:22 - Initializing Servlet 'dispatcherServlet'
2020-12-22 02:20:22 - Completed initialization in 10 ms
2020-12-22 02:28:36 - Closing JPA EntityManagerFactory for persistence unit 'default'
2020-12-22 02:28:36 - Shutting down ExecutorService 'applicationTaskExecutor'
2020-12-22 02:28:36 - HikariPool-1 - Shutdown initiated...
2020-12-22 02:28:36 - HikariPool-1 - Shutdown completed.
